<?xml version="1.0" encoding="UTF-8"?>
<!-- Generated by org.testng.reporters.JUnitXMLReporter -->
<testsuite hostname="IN-5CD6411JS3" ignored="0" name="Default test" tests="2" failures="0" timestamp="2021-09-04T12:11:13 IST" time="31.913" errors="0">
  <testcase name="verifyContactsLabelTest" time="0.086" classname="com.crm.qa.testcases.ContactsPageTest"/>
  <testcase name="selectSingleContactTest" time="0.118" classname="com.crm.qa.testcases.ContactsPageTest"/>
</testsuite> <!-- Default test -->
