<?xml version="1.0" encoding="UTF-8"?>
<testng-results skipped="0" failed="0" ignored="0" total="2" passed="2">
  <reporter-output>
  </reporter-output>
  <suite name="CRM PRO Automation test suite" duration-ms="40170" started-at="2021-09-04T16:34:36 IST" finished-at="2021-09-04T16:35:17 IST">
    <groups>
    </groups>
    <test name="Free CRM application test" duration-ms="40170" started-at="2021-09-04T16:34:36 IST" finished-at="2021-09-04T16:35:17 IST">
      <class name="com.crm.qa.testcases.ContactsPageTest">
        <test-method status="PASS" signature="setup()[pri:0, instance:com.crm.qa.testcases.ContactsPageTest@65466a6a]" name="setup" is-config="true" duration-ms="24228" started-at="2021-09-04T16:34:37 IST" finished-at="2021-09-04T16:35:01 IST">
          <reporter-output>
          </reporter-output>
        </test-method> <!-- setup -->
        <test-method status="PASS" signature="verifyContactsLabelTest()[pri:1, instance:com.crm.qa.testcases.ContactsPageTest@65466a6a]" name="verifyContactsLabelTest" duration-ms="95" started-at="2021-09-04T16:35:01 IST" finished-at="2021-09-04T16:35:01 IST">
          <reporter-output>
          </reporter-output>
        </test-method> <!-- verifyContactsLabelTest -->
        <test-method status="PASS" signature="tearDown()[pri:0, instance:com.crm.qa.testcases.ContactsPageTest@65466a6a]" name="tearDown" is-config="true" duration-ms="1053" started-at="2021-09-04T16:35:01 IST" finished-at="2021-09-04T16:35:02 IST">
          <reporter-output>
          </reporter-output>
        </test-method> <!-- tearDown -->
        <test-method status="PASS" signature="setup()[pri:0, instance:com.crm.qa.testcases.ContactsPageTest@65466a6a]" name="setup" is-config="true" duration-ms="13691" started-at="2021-09-04T16:35:02 IST" finished-at="2021-09-04T16:35:16 IST">
          <reporter-output>
          </reporter-output>
        </test-method> <!-- setup -->
        <test-method status="PASS" signature="selectSingleContactTest()[pri:2, instance:com.crm.qa.testcases.ContactsPageTest@65466a6a]" name="selectSingleContactTest" duration-ms="133" started-at="2021-09-04T16:35:16 IST" finished-at="2021-09-04T16:35:16 IST">
          <reporter-output>
          </reporter-output>
        </test-method> <!-- selectSingleContactTest -->
        <test-method status="PASS" signature="tearDown()[pri:0, instance:com.crm.qa.testcases.ContactsPageTest@65466a6a]" name="tearDown" is-config="true" duration-ms="892" started-at="2021-09-04T16:35:16 IST" finished-at="2021-09-04T16:35:17 IST">
          <reporter-output>
          </reporter-output>
        </test-method> <!-- tearDown -->
      </class> <!-- com.crm.qa.testcases.ContactsPageTest -->
    </test> <!-- Free CRM application test -->
  </suite> <!-- CRM PRO Automation test suite -->
</testng-results>
