<?xml version="1.0" encoding="UTF-8"?>
<!-- Generated by org.testng.reporters.JUnitXMLReporter -->
<testsuite hostname="IN-5CD6411JS3" ignored="0" name="Free CRM application test" tests="2" failures="0" timestamp="2021-09-04T16:35:17 IST" time="40.17" errors="0">
  <testcase name="verifyContactsLabelTest" time="0.095" classname="com.crm.qa.testcases.ContactsPageTest"/>
  <testcase name="selectSingleContactTest" time="0.133" classname="com.crm.qa.testcases.ContactsPageTest"/>
</testsuite> <!-- Free CRM application test -->
